<?xml version="1.0" encoding="UTF-8"?>
<robot generator="Robot 5.0.1 (Python 3.10.4 on linux)" generated="20220705 22:48:00.806" rpa="false" schemaversion="3">
<suite id="s1" name="Selenium" source="/home/thiago/ctd/testing-i/aula21/selenium.robot">
<test id="s1-t1" name="Processo de compra na loja SwagLabs" line="7">
<kw name="Acessar o site" library="selenium">
<kw name="Open Browser" library="SeleniumLibrary">
<arg>${SITE}</arg>
<arg>${BROWSER}</arg>
<doc>Opens a new browser instance to the optional ``url``.</doc>
<msg timestamp="20220705 22:48:01.077" level="INFO">Opening browser 'Chrome' to base url 'https://www.saucedemo.com/'.</msg>
<msg timestamp="20220705 22:49:01.686" level="INFO">Cannot capture screenshot because no browser is open.</msg>
<msg timestamp="20220705 22:49:01.688" level="FAIL">WebDriverException: Message: unknown error: DevToolsActivePort file doesn't exist
Stacktrace:
#0 0x55a9097db2d3 &lt;unknown&gt;
#1 0x55a9095e08e8 &lt;unknown&gt;
#2 0x55a909607dc2 &lt;unknown&gt;
#3 0x55a90960417b &lt;unknown&gt;
#4 0x55a90960021b &lt;unknown&gt;
#5 0x55a90963b94a &lt;unknown&gt;
#6 0x55a909635a23 &lt;unknown&gt;
#7 0x55a90960b1b8 &lt;unknown&gt;
#8 0x55a90960c2e5 &lt;unknown&gt;
#9 0x55a909822bbd &lt;unknown&gt;
#10 0x55a909825c98 &lt;unknown&gt;
#11 0x55a90980bdce &lt;unknown&gt;
#12 0x55a909826b65 &lt;unknown&gt;
#13 0x55a909800750 &lt;unknown&gt;
#14 0x55a909843f88 &lt;unknown&gt;
#15 0x55a90984411f &lt;unknown&gt;
#16 0x55a90985e99e &lt;unknown&gt;
#17 0x7fdd05d74ea7 &lt;unknown&gt;
</msg>
<status status="FAIL" starttime="20220705 22:48:01.076" endtime="20220705 22:49:01.691"/>
</kw>
<kw name="Maximize Browser Window" library="SeleniumLibrary">
<doc>Maximizes current browser window.</doc>
<status status="NOT RUN" starttime="20220705 22:49:01.692" endtime="20220705 22:49:01.692"/>
</kw>
<kw name="Set Selenium Speed" library="SeleniumLibrary">
<arg>0.5</arg>
<doc>Sets the delay that is waited after each Selenium command.</doc>
<status status="NOT RUN" starttime="20220705 22:49:01.693" endtime="20220705 22:49:01.694"/>
</kw>
<status status="FAIL" starttime="20220705 22:48:01.075" endtime="20220705 22:49:01.695"/>
</kw>
<kw name="Fazer login" library="selenium">
<status status="NOT RUN" starttime="20220705 22:49:01.696" endtime="20220705 22:49:01.696"/>
</kw>
<kw name="Adicionar um produto ao carrinho" library="selenium">
<status status="NOT RUN" starttime="20220705 22:49:01.697" endtime="20220705 22:49:01.697"/>
</kw>
<kw name="Acessar carrinho" library="selenium">
<status status="NOT RUN" starttime="20220705 22:49:01.697" endtime="20220705 22:49:01.697"/>
</kw>
<kw name="Checkout" library="selenium">
<status status="NOT RUN" starttime="20220705 22:49:01.698" endtime="20220705 22:49:01.698"/>
</kw>
<kw name="Preencher dados de entrega" library="selenium">
<status status="NOT RUN" starttime="20220705 22:49:01.698" endtime="20220705 22:49:01.698"/>
</kw>
<kw name="Close Browser" library="SeleniumLibrary" type="TEARDOWN">
<doc>Closes the current browser.</doc>
<status status="PASS" starttime="20220705 22:49:01.700" endtime="20220705 22:49:01.700"/>
</kw>
<status status="FAIL" starttime="20220705 22:48:01.074" endtime="20220705 22:49:01.701">WebDriverException: Message: unknown error: DevToolsActivePort file doesn't exist
Stacktrace:
#0 0x55a9097db2d3 &lt;unknown&gt;
#1 0x55a9095e08e8 &lt;unknown&gt;
#2 0x55a909607dc2 &lt;unknown&gt;
#3 0x55a90960417b &lt;unknown&gt;
#4 0x55a90960021b &lt;unknown&gt;
#5 0x55a90963b94a &lt;unknown&gt;
#6 0x55a909635a23 &lt;unknown&gt;
#7 0x55a90960b1b8 &lt;unknown&gt;
#8 0x55a90960c2e5 &lt;unknown&gt;
#9 0x55a909822bbd &lt;unknown&gt;
#10 0x55a909825c98 &lt;unknown&gt;
#11 0x55a90980bdce &lt;unknown&gt;
#12 0x55a909826b65 &lt;unknown&gt;
#13 0x55a909800750 &lt;unknown&gt;
#14 0x55a909843f88 &lt;unknown&gt;
#15 0x55a90984411f &lt;unknown&gt;
#16 0x55a90985e99e &lt;unknown&gt;
#17 0x7fdd05d74ea7 &lt;unknown&gt;
</status>
</test>
<status status="FAIL" starttime="20220705 22:48:00.808" endtime="20220705 22:49:01.703"/>
</suite>
<statistics>
<total>
<stat pass="0" fail="1" skip="0">All Tests</stat>
</total>
<tag>
</tag>
<suite>
<stat pass="0" fail="1" skip="0" id="s1" name="Selenium">Selenium</stat>
</suite>
</statistics>
<errors>
</errors>
</robot>
