<?xml version="1.0" encoding="UTF-8"?>
<robot generator="Robot 5.0.1 (Python 3.10.4 on linux)" generated="20220707 11:52:07.037" rpa="false" schemaversion="3">
<suite id="s1" name="Bugbank" source="/home/thiago/ctd/testing-i/aula22/mesa/bugbank.robot">
<test id="s1-t1" name="Teste BugBank" line="7">
<kw name="Acessar o site" library="bugbank">
<kw name="Open Browser" library="SeleniumLibrary">
<arg>${SITE}</arg>
<arg>${BROWSER}</arg>
<doc>Opens a new browser instance to the optional ``url``.</doc>
<msg timestamp="20220707 11:52:07.283" level="INFO">Opening browser 'Chrome' to base url 'https://bugbank.netlify.app/'.</msg>
<msg timestamp="20220707 11:53:07.884" level="INFO">Cannot capture screenshot because no browser is open.</msg>
<msg timestamp="20220707 11:53:07.895" level="FAIL">WebDriverException: Message: unknown error: DevToolsActivePort file doesn't exist
Stacktrace:
#0 0x560873da02d3 &lt;unknown&gt;
#1 0x560873ba58e8 &lt;unknown&gt;
#2 0x560873bccdc2 &lt;unknown&gt;
#3 0x560873bc917b &lt;unknown&gt;
#4 0x560873bc521b &lt;unknown&gt;
#5 0x560873c0094a &lt;unknown&gt;
#6 0x560873bfaa23 &lt;unknown&gt;
#7 0x560873bd01b8 &lt;unknown&gt;
#8 0x560873bd12e5 &lt;unknown&gt;
#9 0x560873de7bbd &lt;unknown&gt;
#10 0x560873deac98 &lt;unknown&gt;
#11 0x560873dd0dce &lt;unknown&gt;
#12 0x560873debb65 &lt;unknown&gt;
#13 0x560873dc5750 &lt;unknown&gt;
#14 0x560873e08f88 &lt;unknown&gt;
#15 0x560873e0911f &lt;unknown&gt;
#16 0x560873e2399e &lt;unknown&gt;
#17 0x7f53cbb51ea7 &lt;unknown&gt;
</msg>
<status status="FAIL" starttime="20220707 11:52:07.282" endtime="20220707 11:53:07.911"/>
</kw>
<kw name="Maximize Browser Window" library="SeleniumLibrary">
<doc>Maximizes current browser window.</doc>
<status status="NOT RUN" starttime="20220707 11:53:07.913" endtime="20220707 11:53:07.913"/>
</kw>
<kw name="Set Selenium Speed" library="SeleniumLibrary">
<arg>0.5</arg>
<doc>Sets the delay that is waited after each Selenium command.</doc>
<status status="NOT RUN" starttime="20220707 11:53:07.914" endtime="20220707 11:53:07.914"/>
</kw>
<status status="FAIL" starttime="20220707 11:52:07.282" endtime="20220707 11:53:07.925"/>
</kw>
<kw name="Criar conta" library="bugbank">
<status status="NOT RUN" starttime="20220707 11:53:07.926" endtime="20220707 11:53:07.927"/>
</kw>
<status status="FAIL" starttime="20220707 11:52:07.280" endtime="20220707 11:53:07.928">WebDriverException: Message: unknown error: DevToolsActivePort file doesn't exist
Stacktrace:
#0 0x560873da02d3 &lt;unknown&gt;
#1 0x560873ba58e8 &lt;unknown&gt;
#2 0x560873bccdc2 &lt;unknown&gt;
#3 0x560873bc917b &lt;unknown&gt;
#4 0x560873bc521b &lt;unknown&gt;
#5 0x560873c0094a &lt;unknown&gt;
#6 0x560873bfaa23 &lt;unknown&gt;
#7 0x560873bd01b8 &lt;unknown&gt;
#8 0x560873bd12e5 &lt;unknown&gt;
#9 0x560873de7bbd &lt;unknown&gt;
#10 0x560873deac98 &lt;unknown&gt;
#11 0x560873dd0dce &lt;unknown&gt;
#12 0x560873debb65 &lt;unknown&gt;
#13 0x560873dc5750 &lt;unknown&gt;
#14 0x560873e08f88 &lt;unknown&gt;
#15 0x560873e0911f &lt;unknown&gt;
#16 0x560873e2399e &lt;unknown&gt;
#17 0x7f53cbb51ea7 &lt;unknown&gt;
</status>
</test>
<status status="FAIL" starttime="20220707 11:52:07.038" endtime="20220707 11:53:07.931"/>
</suite>
<statistics>
<total>
<stat pass="0" fail="1" skip="0">All Tests</stat>
</total>
<tag>
</tag>
<suite>
<stat pass="0" fail="1" skip="0" id="s1" name="Bugbank">Bugbank</stat>
</suite>
</statistics>
<errors>
</errors>
</robot>
